This is pdfTeX, Version 3.14159265-2.6-1.40.17 (TeX Live 2016) (preloaded format=pdflatex 2017.5.26)  30 AUG 2017 09:39
entering extended mode
 restricted \write18 enabled.
 file:line:error style messages enabled.
 %&-line parsing enabled.
**\input emacs-textmate.tex
(./emacs-textmate.tex
(/usr/local/texlive/2016/texmf-dist/tex/latex/seminar/seminar.cls
Document Class: seminar 2014/01/17, 1.61
Documentclass: `seminar' v1.61 <2014/01/17> (tvz,hv)
(/usr/local/texlive/2016/texmf-dist/tex/latex/pst-ovl/pst-ovl.sty
Package: pst-ovl 2014/01/02 v0.01 LaTeX wrapper for `pst-ovl' (HV)
File: pst-ovl.tex 2014/05/12 v0.06 overlay macros `pst-ovl' (HV)

(/usr/local/texlive/2016/texmf-dist/tex/generic/pst-ovl/pst-ovl.tex
(/usr/local/texlive/2016/texmf-dist/tex/generic/pstricks/pstricks.tex
(/usr/local/texlive/2016/texmf-dist/tex/generic/xkeyval/pst-xkey.tex
File: pst-xkey.tex 2005/11/25 v1.6 PSTricks specialization of xkeyval (HA)

(/usr/local/texlive/2016/texmf-dist/tex/latex/xkeyval/xkeyval.sty
Package: xkeyval 2014/12/03 v2.7a package option processing (HA)

(/usr/local/texlive/2016/texmf-dist/tex/generic/xkeyval/xkeyval.tex
(/usr/local/texlive/2016/texmf-dist/tex/generic/xkeyval/xkvutils.tex
\XKV@toks=\toks14
\XKV@tempa@toks=\toks15

(/usr/local/texlive/2016/texmf-dist/tex/generic/xkeyval/keyval.tex))
\XKV@depth=\count79
File: xkeyval.tex 2014/12/03 v2.7a key=value parser (HA)
)))
(/usr/local/texlive/2016/texmf-dist/tex/generic/pstricks/pst-fp.tex
`pst-fp' v0.05, 2010/01/17 (hv)
\pstFP@xs=\count80
\pstFP@xia=\count81
\pstFP@xib=\count82
\pstFP@xfa=\count83
\pstFP@xfb=\count84
\pstFP@rega=\count85
\pstFP@regb=\count86
\pstFP@regs=\count87
\pstFP@times=\count88
)
(/usr/local/texlive/2016/texmf-dist/tex/generic/pgf/utilities/pgfutil-common.te
x
\pgfutil@everybye=\toks16
\pgfutil@tempdima=\dimen102
\pgfutil@tempdimb=\dimen103

(/usr/local/texlive/2016/texmf-dist/tex/generic/pgf/utilities/pgfutil-common-li
sts.tex))
(/usr/local/texlive/2016/texmf-dist/tex/generic/pgf/utilities/pgfkeys.code.tex
\pgfkeys@pathtoks=\toks17
\pgfkeys@temptoks=\toks18

(/usr/local/texlive/2016/texmf-dist/tex/generic/pgf/utilities/pgfkeysfiltered.c
ode.tex
\pgfkeys@tmptoks=\toks19
))
(/usr/local/texlive/2016/texmf-dist/tex/generic/pgf/utilities/pgffor.code.tex
(/usr/local/texlive/2016/texmf-dist/tex/generic/pgf/math/pgfmath.code.tex
(/usr/local/texlive/2016/texmf-dist/tex/generic/pgf/math/pgfmathcalc.code.tex
(/usr/local/texlive/2016/texmf-dist/tex/generic/pgf/math/pgfmathutil.code.tex
Missing character: There is no 0 in font nullfont!
Missing character: There is no . in font nullfont!
Missing character: There is no 0 in font nullfont!
Missing character: There is no p in font nullfont!
Missing character: There is no t in font nullfont!
\pgf@x=\dimen104
Missing character: There is no 0 in font nullfont!
Missing character: There is no . in font nullfont!
Missing character: There is no 0 in font nullfont!
Missing character: There is no p in font nullfont!
Missing character: There is no t in font nullfont!
\pgf@xa=\dimen105
Missing character: There is no 0 in font nullfont!
Missing character: There is no . in font nullfont!
Missing character: There is no 0 in font nullfont!
Missing character: There is no p in font nullfont!
Missing character: There is no t in font nullfont!
\pgf@xb=\dimen106
Missing character: There is no 0 in font nullfont!
Missing character: There is no . in font nullfont!
Missing character: There is no 0 in font nullfont!
Missing character: There is no p in font nullfont!
Missing character: There is no t in font nullfont!
\pgf@xc=\dimen107
Missing character: There is no 0 in font nullfont!
Missing character: There is no . in font nullfont!
Missing character: There is no 0 in font nullfont!
Missing character: There is no p in font nullfont!
Missing character: There is no t in font nullfont!
\pgf@y=\dimen108
Missing character: There is no 0 in font nullfont!
Missing character: There is no . in font nullfont!
Missing character: There is no 0 in font nullfont!
Missing character: There is no p in font nullfont!
Missing character: There is no t in font nullfont!
\pgf@ya=\dimen109
Missing character: There is no 0 in font nullfont!
Missing character: There is no . in font nullfont!
Missing character: There is no 0 in font nullfont!
Missing character: There is no p in font nullfont!
Missing character: There is no t in font nullfont!
\pgf@yb=\dimen110
Missing character: There is no 0 in font nullfont!
Missing character: There is no . in font nullfont!
Missing character: There is no 0 in font nullfont!
Missing character: There is no p in font nullfont!
Missing character: There is no t in font nullfont!
\pgf@yc=\dimen111
Missing character: There is no 0 in font nullfont!
Missing character: There is no . in font nullfont!
Missing character: There is no 0 in font nullfont!
Missing character: There is no p in font nullfont!
Missing character: There is no t in font nullfont!
\c@pgf@counta=\count89
Missing character: There is no 0 in font nullfont!
Missing character: There is no . in font nullfont!
Missing character: There is no 0 in font nullfont!
Missing character: There is no p in font nullfont!
Missing character: There is no t in font nullfont!
\c@pgf@countb=\count90
Missing character: There is no 0 in font nullfont!
Missing character: There is no . in font nullfont!
Missing character: There is no 0 in font nullfont!
Missing character: There is no p in font nullfont!
Missing character: There is no t in font nullfont!
\c@pgf@countc=\count91
Missing character: There is no 0 in font nullfont!
Missing character: There is no . in font nullfont!
Missing character: There is no 0 in font nullfont!
Missing character: There is no p in font nullfont!
Missing character: There is no t in font nullfont!
\c@pgf@countd=\count92
Missing character: There is no 0 in font nullfont!
Missing character: There is no . in font nullfont!
Missing character: There is no 0 in font nullfont!
Missing character: There is no p in font nullfont!
Missing character: There is no t in font nullfont!
\pgfutil@tempcnta=\count93
Missing character: There is no 0 in font nullfont!
Missing character: There is no . in font nullfont!
Missing character: There is no 0 in font nullfont!
Missing character: There is no p in font nullfont!
Missing character: There is no t in font nullfont!
\pgfutil@tempcntb=\count94
)
(/usr/local/texlive/2016/texmf-dist/tex/generic/pgf/math/pgfmathparser.code.tex
\pgfmath@dimen=\dimen112
\pgfmath@count=\count95
\pgfmath@box=\box26
\pgfmath@toks=\toks20
\pgfmath@stack@operand=\toks21
\pgfmath@stack@operation=\toks22
)
(/usr/local/texlive/2016/texmf-dist/tex/generic/pgf/math/pgfmathfunctions.code.
tex
(/usr/local/texlive/2016/texmf-dist/tex/generic/pgf/math/pgfmathfunctions.basic
.code.tex)
(/usr/local/texlive/2016/texmf-dist/tex/generic/pgf/math/pgfmathfunctions.trigo
nometric.code.tex)
(/usr/local/texlive/2016/texmf-dist/tex/generic/pgf/math/pgfmathfunctions.rando
m.code.tex)
(/usr/local/texlive/2016/texmf-dist/tex/generic/pgf/math/pgfmathfunctions.compa
rison.code.tex)
(/usr/local/texlive/2016/texmf-dist/tex/generic/pgf/math/pgfmathfunctions.base.
code.tex)
(/usr/local/texlive/2016/texmf-dist/tex/generic/pgf/math/pgfmathfunctions.round
.code.tex)
(/usr/local/texlive/2016/texmf-dist/tex/generic/pgf/math/pgfmathfunctions.misc.
code.tex)
(/usr/local/texlive/2016/texmf-dist/tex/generic/pgf/math/pgfmathfunctions.integ
erarithmetics.code.tex)))
(/usr/local/texlive/2016/texmf-dist/tex/generic/pgf/math/pgfmathfloat.code.tex
\c@pgfmathroundto@lastzeros=\count96
))
\pgffor@iter=\dimen113
\pgffor@skip=\dimen114
\pgffor@stack=\toks23
\pgffor@toks=\toks24
)
\psLoopIndex=\count97

`PSTricks' v2.66  <2016/05/18> (tvz)
\pst@dima=\dimen115
\pst@dimb=\dimen116
\pst@dimc=\dimen117
\pst@dimd=\dimen118
\pst@dimg=\dimen119
\pst@dimh=\dimen120
\pst@dimm=\dimen121
\pst@dimn=\dimen122
\pst@dimo=\dimen123
\pst@dimp=\dimen124
\pst@hbox=\box27
\pst@ibox=\box28
\pst@boxg=\box29
\pst@cnta=\count98
\pst@cntb=\count99
\pst@cntc=\count100
\pst@cntd=\count101
\pst@cntg=\count102
\pst@cnth=\count103
\pst@cntm=\count104
\pst@cntn=\count105
\pst@cnto=\count106
\pst@cntp=\count107
\@zero=\count108
\pst@toks=\toks25
(/usr/local/texlive/2016/texmf-dist/tex/generic/pstricks/pstricks.con)
\psunit=\dimen125
\psxunit=\dimen126
\psyunit=\dimen127
\pst@C@@rType=\count109
\pslinewidth=\dimen128
\psk@startLW=\dimen129
\psk@endLW=\dimen130
\pst@customdefs=\toks26
\pslinearc=\dimen131
\pst@symbolStep=\dimen132
\pst@symbolWidth=\dimen133
\pst@symbolLinewidth=\dimen134
\everypsbox=\toks27
\psframesep=\dimen135
\pslabelsep=\dimen136
\sh@wgridXunit=\dimen137
\sh@wgridYunit=\dimen138
\pst@shift=\dimen139
)
`pst-ovl' v0.07, 2016/05/03 (tvz,hv)
\thepsoverlaybox=\box30
))
\slidewidth=\dimen140
\slideheight=\dimen141
\footheight=\dimen142

(/usr/local/texlive/2016/texmf-dist/tex/latex/base/article.cls
Document Class: article 2014/09/29 v1.4h Standard LaTeX document class
(/usr/local/texlive/2016/texmf-dist/tex/latex/base/size10.clo
File: size10.clo 2014/09/29 v1.4h Standard LaTeX file (size option)
)
\c@part=\count110
\c@section=\count111
\c@subsection=\count112
\c@subsubsection=\count113
\c@paragraph=\count114
\c@subparagraph=\count115
\c@figure=\count116
\c@table=\count117
\abovecaptionskip=\skip41
\belowcaptionskip=\skip42
\bibindent=\dimen143
)
(/usr/local/texlive/2016/texmf-dist/tex/latex/seminar/sem-page.sty)
\before@document=\toks28
\after@document=\toks29
\before@enddocument=\toks30
\c@slide=\count118
\slide@count=\count119
\@slidebox=\box31
\not@slidebox=\box32
\slide@hook=\toks31
\after@slide=\toks32
\slide@footins=\insert199
\slide@listdepth=\count120
\saved@specials=\box33
\before@newslide=\toks33
\after@slidepage=\toks34
\slidesep=\skip43
\c@note=\count121
\slideframewidth=\dimen144
\slideframesep=\dimen145
\semin=\dimen146
\semcm=\dimen147
)
(/usr/local/texlive/2016/texmf-dist/tex/latex/base/inputenc.sty
Package: inputenc 2015/03/17 v1.2c Input encoding file
\inpenc@prehook=\toks35
\inpenc@posthook=\toks36

(/usr/local/texlive/2016/texmf-dist/tex/latex/ucs/utf8x.def
File: utf8x.def 2004/10/17 UCS: Input encoding UTF-8
))
(/usr/local/texlive/2016/texmf-dist/tex/latex/ucs/ucs.sty
Package: ucs 2013/05/11 v2.2 UCS: Unicode input support

(/usr/local/texlive/2016/texmf-dist/tex/latex/ucs/data/uni-global.def
File: uni-global.def 2013/05/13 UCS: Unicode global data
)
\uc@secondtry=\count122
\uc@combtoks=\toks37
\uc@combtoksb=\toks38
\uc@temptokena=\toks39
)
(/usr/local/texlive/2016/texmf-dist/tex/latex/graphics/graphicx.sty
Package: graphicx 2014/10/28 v1.0g Enhanced LaTeX Graphics (DPC,SPQR)

(/usr/local/texlive/2016/texmf-dist/tex/latex/graphics/graphics.sty
Package: graphics 2016/05/09 v1.0r Standard LaTeX Graphics (DPC,SPQR)

(/usr/local/texlive/2016/texmf-dist/tex/latex/graphics/trig.sty
Package: trig 2016/01/03 v1.10 sin cos tan (DPC)
)
(/usr/local/texlive/2016/texmf-dist/tex/latex/graphics-cfg/graphics.cfg
File: graphics.cfg 2016/01/02 v1.10 sample graphics configuration
)
Package graphics Info: Driver file: pdftex.def on input line 96.

(/usr/local/texlive/2016/texmf-dist/tex/latex/pdftex-def/pdftex.def
File: pdftex.def 2011/05/27 v0.06d Graphics/color for pdfTeX

(/usr/local/texlive/2016/texmf-dist/tex/generic/oberdiek/infwarerr.sty
Package: infwarerr 2016/05/16 v1.4 Providing info/warning/error messages (HO)
)
(/usr/local/texlive/2016/texmf-dist/tex/generic/oberdiek/ltxcmds.sty
Package: ltxcmds 2016/05/16 v1.23 LaTeX kernel commands for general use (HO)
)
\Gread@gobject=\count123
))
\Gin@req@height=\dimen148
\Gin@req@width=\dimen149
)
(/usr/local/texlive/2016/texmf-dist/tex/latex/fancybox/fancybox.sty
Package: fancybox 2010/05/15 1.4

Style option: `fancybox' v1.4 <2010/05/15> (tvz)
\@fancybox=\box34
\shadowsize=\dimen150
\@Sbox=\box35
\do@VerbBox=\toks40
\the@fancyput=\toks41
\this@fancyput=\toks42
\EndVerbatimTokens=\toks43
\Verbatim@Outfile=\write3
\Verbatim@Infile=\read1
) (/usr/local/texlive/2016/texmf-dist/tex/latex/url/url.sty
\Urlmuskip=\muskip10
Package: url 2013/09/16  ver 3.4  Verb mode for urls, etc.
)
(./emacs-textmate.aux)
\openout1 = `emacs-textmate.aux'.

LaTeX Font Info:    Checking defaults for OML/cmm/m/it on input line 21.
LaTeX Font Info:    ... okay on input line 21.
LaTeX Font Info:    Checking defaults for T1/cmr/m/n on input line 21.
LaTeX Font Info:    ... okay on input line 21.
LaTeX Font Info:    Checking defaults for OT1/cmr/m/n on input line 21.
LaTeX Font Info:    ... okay on input line 21.
LaTeX Font Info:    Checking defaults for OMS/cmsy/m/n on input line 21.
LaTeX Font Info:    ... okay on input line 21.
LaTeX Font Info:    Checking defaults for OMX/cmex/m/n on input line 21.
LaTeX Font Info:    ... okay on input line 21.
LaTeX Font Info:    Checking defaults for U/cmr/m/n on input line 21.
LaTeX Font Info:    ... okay on input line 21.

(/usr/local/texlive/2016/texmf-dist/tex/latex/ucs/ucsencs.def
File: ucsencs.def 2011/01/21 Fixes to fontencodings LGR, T3
)
(/usr/local/texlive/2016/texmf-dist/tex/context/base/mkii/supp-pdf.mkii
[Loading MPS to PDF converter (version 2006.09.02).]
\scratchcounter=\count124
\scratchdimen=\dimen151
\scratchbox=\box36
\nofMPsegments=\count125
\nofMParguments=\count126
\everyMPshowfont=\toks44
\MPscratchCnt=\count127
\MPscratchDim=\dimen152
\MPnumerator=\count128
\makeMPintoPDFobject=\count129
\everyMPtoPDFconversion=\toks45
) (/usr/local/texlive/2016/texmf-dist/tex/generic/oberdiek/pdftexcmds.sty
Package: pdftexcmds 2016/05/10 v0.21 Utility functions of pdfTeX for LuaTeX (HO
)

(/usr/local/texlive/2016/texmf-dist/tex/generic/oberdiek/ifluatex.sty
Package: ifluatex 2016/05/16 v1.4 Provides the ifluatex switch (HO)
Package ifluatex Info: LuaTeX not detected.
)
(/usr/local/texlive/2016/texmf-dist/tex/generic/oberdiek/ifpdf.sty
Package: ifpdf 2016/05/14 v3.1 Provides the ifpdf switch
)
Package pdftexcmds Info: LuaTeX not detected.
Package pdftexcmds Info: \pdf@primitive is available.
Package pdftexcmds Info: \pdf@ifprimitive is available.
Package pdftexcmds Info: \pdfdraftmode found.
)
(/usr/local/texlive/2016/texmf-dist/tex/latex/oberdiek/epstopdf-base.sty
Package: epstopdf-base 2016/05/15 v2.6 Base part for package epstopdf

(/usr/local/texlive/2016/texmf-dist/tex/latex/oberdiek/grfext.sty
Package: grfext 2016/05/16 v1.2 Manage graphics extensions (HO)

(/usr/local/texlive/2016/texmf-dist/tex/generic/oberdiek/kvdefinekeys.sty
Package: kvdefinekeys 2016/05/16 v1.4 Define keys (HO)
))
(/usr/local/texlive/2016/texmf-dist/tex/latex/oberdiek/kvoptions.sty
Package: kvoptions 2016/05/16 v3.12 Key value format for package options (HO)

(/usr/local/texlive/2016/texmf-dist/tex/generic/oberdiek/kvsetkeys.sty
Package: kvsetkeys 2016/05/16 v1.17 Key value parser (HO)

(/usr/local/texlive/2016/texmf-dist/tex/generic/oberdiek/etexcmds.sty
Package: etexcmds 2016/05/16 v1.6 Avoid name clashes with e-TeX commands (HO)
Package etexcmds Info: Could not find \expanded.
(etexcmds)             That can mean that you are not using pdfTeX 1.50 or
(etexcmds)             that some package has redefined \expanded.
(etexcmds)             In the latter case, load this package earlier.
)))
Package grfext Info: Graphics extension search list:
(grfext)             [.png,.pdf,.jpg,.mps,.jpeg,.jbig2,.jb2,.PNG,.PDF,.JPG,.JPE
G,.JBIG2,.JB2,.eps]
(grfext)             \AppendGraphicsExtensions on input line 456.

(/usr/local/texlive/2016/texmf-dist/tex/latex/latexconfig/epstopdf-sys.cfg
File: epstopdf-sys.cfg 2010/07/13 v1.3 Configuration of (r)epstopdf for TeX Liv
e
))
LaTeX Font Info:    Try loading font information for OMS+cmr on input line 26.

(/usr/local/texlive/2016/texmf-dist/tex/latex/base/omscmr.fd
File: omscmr.fd 2014/09/29 v2.5h Standard LaTeX font definitions
)
LaTeX Font Info:    Font shape `OMS/cmr/m/n' in size <10> not available
(Font)              Font shape `OMS/cmsy/m/n' tried instead on input line 26.


LaTeX Warning: \oval, \circle, or \line size unavailable on input line 35.


Overfull \vbox (13.0745pt too high) has occurred while \output is active []


[1
Non-PDF special ignored!
Non-PDF special ignored!
Non-PDF special ignored!

{/usr/local/texlive/2016/texmf-var/fonts/map/pdftex/updmap/pdftex.map}
Non-PDF special ignored!
Non-PDF special ignored!
Non-PDF special ignored!
Non-PDF special ignored!
Non-PDF special ignored!

] <emacs-image.pdf, id=14, 566.39908pt x 212.37654pt>
File: emacs-image.pdf Graphic file (type pdf)

<use emacs-image.pdf>
Package pdftex.def Info: emacs-image.pdf used on input line 44.
(pdftex.def)             Requested size: 311.52045pt x 116.80745pt.


LaTeX Warning: Slide 2 overfull by 9.65295pt on input line 46.


Overfull \vbox (3.37373pt too high) has occurred while \output is active []



LaTeX Warning: \oval, \circle, or \line size unavailable on input line 46.


Overfull \vbox (13.0745pt too high) has occurred while \output is active []


[2 <./emacs-image.pdf>]

LaTeX Warning: \oval, \circle, or \line size unavailable on input line 61.


Overfull \vbox (13.0745pt too high) has occurred while \output is active []


[3]

LaTeX Warning: \oval, \circle, or \line size unavailable on input line 76.


Overfull \vbox (13.0745pt too high) has occurred while \output is active []


[4]

LaTeX Warning: \oval, \circle, or \line size unavailable on input line 85.


Overfull \vbox (13.0745pt too high) has occurred while \output is active []


[5]

LaTeX Warning: \oval, \circle, or \line size unavailable on input line 98.


Overfull \vbox (13.0745pt too high) has occurred while \output is active []


[6]
LaTeX Font Info:    External font `cmex10' loaded for size
(Font)              <7> on input line 110.
LaTeX Font Info:    External font `cmex10' loaded for size
(Font)              <5> on input line 110.


LaTeX Warning: \oval, \circle, or \line size unavailable on input line 116.


Overfull \vbox (13.0745pt too high) has occurred while \output is active []


[7

] <drawing.pdf, id=48, 349.305pt x 148.15442pt>
File: drawing.pdf Graphic file (type pdf)
 <use drawing.pdf>
Package pdftex.def Info: drawing.pdf used on input line 125.
(pdftex.def)             Requested size: 244.51183pt x 103.70738pt.


LaTeX Warning: \oval, \circle, or \line size unavailable on input line 127.


Overfull \vbox (13.0745pt too high) has occurred while \output is active []


[8 <./drawing.pdf>]

LaTeX Warning: \oval, \circle, or \line size unavailable on input line 138.


Overfull \vbox (13.0745pt too high) has occurred while \output is active []


[9]

LaTeX Warning: \oval, \circle, or \line size unavailable on input line 144.


Overfull \vbox (13.0745pt too high) has occurred while \output is active []


[10

]

*******************************************************
***** !! PRINT THIS DOCUMENT IN LANDSCAPE MODE !! *****
*******************************************************
(./emacs-textmate.aux) ) 
Here is how much of TeX's memory you used:
 8837 strings out of 493014
 158672 string characters out of 6133351
 224042 words of memory out of 5000000
 12269 multiletter control sequences out of 15000+600000
 5226 words of font info for 20 fonts, out of 8000000 for 9000
 1141 hyphenation exceptions out of 8191
 42i,5n,40p,531b,533s stack positions out of 5000i,500n,10000p,200000b,80000s
</usr/local/texlive/2016/texmf-dist/fonts/type1/public/
amsfonts/cm/cmbx10.pfb></usr/local/texlive/2016/texmf-dist/fonts/type1/public/a
msfonts/cm/cmr10.pfb></usr/local/texlive/2016/texmf-dist/fonts/type1/public/ams
fonts/cm/cmr12.pfb></usr/local/texlive/2016/texmf-dist/fonts/type1/public/amsfo
nts/cm/cmr7.pfb></usr/local/texlive/2016/texmf-dist/fonts/type1/public/amsfonts
/cm/cmsy10.pfb></usr/local/texlive/2016/texmf-dist/fonts/type1/public/amsfonts/
cm/cmti10.pfb></usr/local/texlive/2016/texmf-dist/fonts/type1/public/amsfonts/c
m/cmtt10.pfb></usr/local/texlive/2016/texmf-dist/fonts/type1/public/amsfonts/cm
/cmtt8.pfb></usr/local/texlive/2016/texmf-dist/fonts/type1/public/amsfonts/latx
font/lcircle1.pfb>
Output written on emacs-textmate.pdf (10 pages, 142293 bytes).
PDF statistics:
 101 PDF objects out of 1000 (max. 8388607)
 69 compressed objects within 1 object stream
 0 named destinations out of 1000 (max. 500000)
 11 words of extra memory for PDF output out of 10000 (max. 10000000)

